Line 14: Class CRVIEWERLibCtl.CRViewer of control CRViewer1 was not a loaded control class.
Line 54: Class TBARCODE6LibCtl.TBarCode6 of control TBarCode61 was not a loaded control class.
Line 20: The property name DisplayGroupTree in CRViewer1 is invalid.
Line 21: The property name DisplayToolbar in CRViewer1 is invalid.
Line 22: The property name EnableGroupTree in CRViewer1 is invalid.
Line 23: The property name EnableNavigationControls in CRViewer1 is invalid.
Line 24: The property name EnableStopButton in CRViewer1 is invalid.
Line 25: The property name EnablePrintButton in CRViewer1 is invalid.
Line 26: The property name EnableZoomControl in CRViewer1 is invalid.
Line 27: The property name EnableCloseButton in CRViewer1 is invalid.
Line 28: The property name EnableProgressControl in CRViewer1 is invalid.
Line 29: The property name EnableSearchControl in CRViewer1 is invalid.
Line 30: The property name EnableRefreshButton in CRViewer1 is invalid.
Line 31: The property name EnableDrillDown in CRViewer1 is invalid.
Line 32: The property name EnableAnimationControl in CRViewer1 is invalid.
Line 33: The property name EnableSelectExpertButton in CRViewer1 is invalid.
Line 34: The property name EnableToolbar in CRViewer1 is invalid.
Line 35: The property name DisplayBorder in CRViewer1 is invalid.
Line 36: The property name DisplayTabs in CRViewer1 is invalid.
Line 37: The property name DisplayBackgroundEdge in CRViewer1 is invalid.
Line 38: The property name SelectionFormula in CRViewer1 is invalid.
Line 39: The property name EnablePopupMenu in CRViewer1 is invalid.
Line 40: The property name EnableExportButton in CRViewer1 is invalid.
Line 41: The property name EnableSearchExpertButton in CRViewer1 is invalid.
Line 42: The property name EnableHelpButton in CRViewer1 is invalid.
Line 60: The property name _cx in TBarCode61 is invalid.
Line 61: The property name _cy in TBarCode61 is invalid.
Line 63: The property name BackStyle in TBarCode61 is invalid.
Line 75: The property name Text in TBarCode61 is invalid.
Line 76: The property name TextAlignment in TBarCode61 is invalid.
Line 77: The property name BarCode in TBarCode61 is invalid.
Line 78: The property name CDMethod in TBarCode61 is invalid.
Line 79: The property name CountCheckDigits in TBarCode61 is invalid.
Line 80: The property name EscapeSequences in TBarCode61 is invalid.
Line 81: The property name Format in TBarCode61 is invalid.
Line 82: The property name GuardWidth in TBarCode61 is invalid.
Line 83: The property name ModuleWidth in TBarCode61 is invalid.
Line 84: The property name Orientation in TBarCode61 is invalid.
Line 85: The property name PrintDataText in TBarCode61 is invalid.
Line 86: The property name PrintTextAbove in TBarCode61 is invalid.
Line 87: The property name Ratio in TBarCode61 is invalid.
Line 88: The property name RatioHint in TBarCode61 is invalid.
Line 89: The property name RatioDefault in TBarCode61 is invalid.
Line 90: The property name TextColor in TBarCode61 is invalid.
Line 91: The property name LastError in TBarCode61 is invalid.
Line 92: The property name LastErrorNo in TBarCode61 is invalid.
Line 93: The property name MustFit in TBarCode61 is invalid.
Line 94: The property name TextDistance in TBarCode61 is invalid.
Line 95: The property name NotchHeight in TBarCode61 is invalid.
Line 96: The property name PDF417_Rows in TBarCode61 is invalid.
Line 97: The property name PDF417_Columns in TBarCode61 is invalid.
Line 98: The property name PDF417_ECLevel in TBarCode61 is invalid.
Line 99: The property name PDF417_RowHeight in TBarCode61 is invalid.
Line 100: The property name MAXI_Mode in TBarCode61 is invalid.
Line 101: The property name MAXI_AppendIndex in TBarCode61 is invalid.
Line 102: The property name MAXI_AppendCount in TBarCode61 is invalid.
Line 103: The property name MAXI_Undercut in TBarCode61 is invalid.
Line 104: The property name MAXI_Preamble in TBarCode61 is invalid.
Line 105: The property name MAXI_PostalCode in TBarCode61 is invalid.
Line 106: The property name MAXI_CountryCode in TBarCode61 is invalid.
Line 107: The property name MAXI_ServiceClass in TBarCode61 is invalid.
Line 108: The property name MAXI_Date in TBarCode61 is invalid.
Line 109: The property name CountModules in TBarCode61 is invalid.
Line 110: The property name DrawStatus in TBarCode61 is invalid.
Line 111: The property name SuppressErrorMsg in TBarCode61 is invalid.
Line 112: The property name CountRows in TBarCode61 is invalid.
Line 113: The property name DM_Size in TBarCode61 is invalid.
Line 114: The property name DM_Rectangular in TBarCode61 is invalid.
Line 115: The property name DM_Format in TBarCode61 is invalid.
Line 116: The property name DM_AppendIndex in TBarCode61 is invalid.
Line 117: The property name DM_AppendCount in TBarCode61 is invalid.
Line 118: The property name DM_AppendFileID in TBarCode61 is invalid.
Line 119: The property name PDF417_SegmentIndex in TBarCode61 is invalid.
Line 120: The property name PDF417_FileID in TBarCode61 is invalid.
Line 121: The property name PDF417_LastSegment in TBarCode61 is invalid.
Line 122: The property name PDF417_FileName in TBarCode61 is invalid.
Line 123: The property name PDF417_SegmentCount in TBarCode61 is invalid.
Line 124: The property name PDF417_TimeStamp in TBarCode61 is invalid.
Line 125: The property name PDF417_Sender in TBarCode61 is invalid.
Line 126: The property name PDF417_Addressee in TBarCode61 is invalid.
Line 127: The property name PDF417_FileSize in TBarCode61 is invalid.
Line 128: The property name PDF417_CheckSum in TBarCode61 is invalid.
Line 129: The property name PDF417_RatioRowCol in TBarCode61 is invalid.
Line 130: The property name MicroPDF_Mode in TBarCode61 is invalid.
Line 131: The property name MicroPDF_Version in TBarCode61 is invalid.
Line 132: The property name QR_Version in TBarCode61 is invalid.
Line 133: The property name QR_Format in TBarCode61 is invalid.
Line 134: The property name QR_FmtAppIndicator in TBarCode61 is invalid.
Line 135: The property name QR_ECLevel in TBarCode61 is invalid.
Line 136: The property name QR_Mask in TBarCode61 is invalid.
Line 137: The property name QR_AppendIndex in TBarCode61 is invalid.
Line 138: The property name QR_AppendCount in TBarCode61 is invalid.
Line 139: The property name QR_AppendParity in TBarCode61 is invalid.
Line 140: The property name QR_CompactKanji in TBarCode61 is invalid.
Line 141: The property name CBF_Rows in TBarCode61 is invalid.
Line 142: The property name CBF_Columns in TBarCode61 is invalid.
Line 143: The property name CBF_RowHeight in TBarCode61 is invalid.
Line 144: The property name CBF_RowSeparatorHeight in TBarCode61 is invalid.
Line 145: The property name CBF_Format in TBarCode61 is invalid.
Line 146: The property name InterpretInputAs in TBarCode61 is invalid.
Line 147: The property name OptResolution in TBarCode61 is invalid.
Line 148: The property name DisplayText in TBarCode61 is invalid.
Line 149: The property name BarWidthReduction in TBarCode61 is invalid.
Line 150: The property name Quality in TBarCode61 is invalid.
Line 151: The property name CompositeComponent in TBarCode61 is invalid.
Line 152: The property name RSS_SegmPerRow in TBarCode61 is invalid.
Line 153: The property name TrimSpaces in TBarCode61 is invalid.
Line 154: The property name BarSimmDefauls in TBarCode61 is invalid.
Line 155: The property name QuietZone in TBarCode61 is invalid.
