Line 2: Could not create reference: '{6EEE0B37-7960-4A34-BB9B-D563899B3021}#1.0#0'.
Line 13: Class TBARCODE4LibCtl.TBarCode6 of control TBarCode61 was not a loaded control class.
Line 19: The property name _cx in TBarCode61 is invalid.
Line 20: The property name _cy in TBarCode61 is invalid.
Line 22: The property name BackStyle in TBarCode61 is invalid.
Line 34: The property name Text in TBarCode61 is invalid.
Line 35: The property name BarCode in TBarCode61 is invalid.
Line 36: The property name CDMethod in TBarCode61 is invalid.
Line 37: The property name CountCheckDigits in TBarCode61 is invalid.
Line 38: The property name EscapeSequences in TBarCode61 is invalid.
Line 39: The property name Format in TBarCode61 is invalid.
Line 40: The property name GuardWidth in TBarCode61 is invalid.
Line 41: The property name ModulWidth in TBarCode61 is invalid.
Line 42: The property name Orientation in TBarCode61 is invalid.
Line 43: The property name PrintDataText in TBarCode61 is invalid.
Line 44: The property name PrintTextAbove in TBarCode61 is invalid.
Line 45: The property name Ratio in TBarCode61 is invalid.
Line 46: The property name RatioHint in TBarCode61 is invalid.
Line 47: The property name RatioDefault in TBarCode61 is invalid.
Line 48: The property name TextColor in TBarCode61 is invalid.
Line 49: The property name LastError in TBarCode61 is invalid.
Line 50: The property name LastErrorNo in TBarCode61 is invalid.
Line 51: The property name MustFit in TBarCode61 is invalid.
Line 52: The property name TextDistance in TBarCode61 is invalid.
Line 53: The property name NotchHeight in TBarCode61 is invalid.
Line 54: The property name PDF417_Rows in TBarCode61 is invalid.
Line 55: The property name PDF417_Columns in TBarCode61 is invalid.
Line 56: The property name PDF417_ECLevel in TBarCode61 is invalid.
Line 57: The property name PDF417_RowHeight in TBarCode61 is invalid.
Line 58: The property name MAXI_Mode in TBarCode61 is invalid.
Line 59: The property name MAXI_AppendIndex in TBarCode61 is invalid.
Line 60: The property name MAXI_AppendCount in TBarCode61 is invalid.
Line 61: The property name MAXI_Undercut in TBarCode61 is invalid.
Line 62: The property name MAXI_Preamble in TBarCode61 is invalid.
Line 63: The property name MAXI_PostalCode in TBarCode61 is invalid.
Line 64: The property name MAXI_CountryCode in TBarCode61 is invalid.
Line 65: The property name MAXI_ServiceClass in TBarCode61 is invalid.
Line 66: The property name MAXI_Date in TBarCode61 is invalid.
Line 67: The property name CountModules in TBarCode61 is invalid.
Line 68: The property name DrawStatus in TBarCode61 is invalid.
Line 69: The property name SuppressErrorMsg in TBarCode61 is invalid.
Line 70: The property name CountRows in TBarCode61 is invalid.
Line 71: The property name DM_Size in TBarCode61 is invalid.
Line 72: The property name DM_Rectangular in TBarCode61 is invalid.
Line 73: The property name DM_Format in TBarCode61 is invalid.
Line 74: The property name DM_AppendIndex in TBarCode61 is invalid.
Line 75: The property name DM_AppendCount in TBarCode61 is invalid.
Line 76: The property name DM_AppendFileID in TBarCode61 is invalid.
Line 77: The property name PDF417_SegmentIndex in TBarCode61 is invalid.
Line 78: The property name PDF417_FileID in TBarCode61 is invalid.
Line 79: The property name PDF417_LastSegment in TBarCode61 is invalid.
Line 80: The property name PDF417_FileName in TBarCode61 is invalid.
Line 81: The property name PDF417_SegmentCount in TBarCode61 is invalid.
Line 82: The property name PDF417_TimeStamp in TBarCode61 is invalid.
Line 83: The property name PDF417_Sender in TBarCode61 is invalid.
Line 84: The property name PDF417_Addressee in TBarCode61 is invalid.
Line 85: The property name PDF417_FileSize in TBarCode61 is invalid.
Line 86: The property name PDF417_CheckSum in TBarCode61 is invalid.
Line 87: The property name QR_Version in TBarCode61 is invalid.
Line 88: The property name QR_Format in TBarCode61 is invalid.
Line 89: The property name QR_FmtAppIndicator in TBarCode61 is invalid.
Line 90: The property name QR_ECLevel in TBarCode61 is invalid.
Line 91: The property name QR_Mask in TBarCode61 is invalid.
Line 92: The property name QR_AppendIndex in TBarCode61 is invalid.
Line 93: The property name QR_AppendCount in TBarCode61 is invalid.
Line 94: The property name QR_AppendParity in TBarCode61 is invalid.
Line 95: The property name PDF417_RatioRowCol in TBarCode61 is invalid.
Line 96: The property name InterpretInputAs in TBarCode61 is invalid.
Line 97: The property name OptResolution in TBarCode61 is invalid.
