Line 33: Class TBARCODE6LibCtl.TBarCode6 of control tbc was not a loaded control class.
Line 39: The property name _cx in tbc is invalid.
Line 40: The property name _cy in tbc is invalid.
Line 42: The property name BackStyle in tbc is invalid.
Line 54: The property name Text in tbc is invalid.
Line 55: The property name TextAlignment in tbc is invalid.
Line 56: The property name BarCode in tbc is invalid.
Line 57: The property name CDMethod in tbc is invalid.
Line 58: The property name CountCheckDigits in tbc is invalid.
Line 59: The property name EscapeSequences in tbc is invalid.
Line 60: The property name Format in tbc is invalid.
Line 61: The property name GuardWidth in tbc is invalid.
Line 62: The property name ModuleWidth in tbc is invalid.
Line 63: The property name Orientation in tbc is invalid.
Line 64: The property name PrintDataText in tbc is invalid.
Line 65: The property name PrintTextAbove in tbc is invalid.
Line 66: The property name Ratio in tbc is invalid.
Line 67: The property name RatioHint in tbc is invalid.
Line 68: The property name RatioDefault in tbc is invalid.
Line 69: The property name TextColor in tbc is invalid.
Line 70: The property name LastError in tbc is invalid.
Line 71: The property name LastErrorNo in tbc is invalid.
Line 72: The property name MustFit in tbc is invalid.
Line 73: The property name TextDistance in tbc is invalid.
Line 74: The property name NotchHeight in tbc is invalid.
Line 75: The property name PDF417_Rows in tbc is invalid.
Line 76: The property name PDF417_Columns in tbc is invalid.
Line 77: The property name PDF417_ECLevel in tbc is invalid.
Line 78: The property name PDF417_RowHeight in tbc is invalid.
Line 79: The property name MAXI_Mode in tbc is invalid.
Line 80: The property name MAXI_AppendIndex in tbc is invalid.
Line 81: The property name MAXI_AppendCount in tbc is invalid.
Line 82: The property name MAXI_Undercut in tbc is invalid.
Line 83: The property name MAXI_Preamble in tbc is invalid.
Line 84: The property name MAXI_PostalCode in tbc is invalid.
Line 85: The property name MAXI_CountryCode in tbc is invalid.
Line 86: The property name MAXI_ServiceClass in tbc is invalid.
Line 87: The property name MAXI_Date in tbc is invalid.
Line 88: The property name CountModules in tbc is invalid.
Line 89: The property name DrawStatus in tbc is invalid.
Line 90: The property name SuppressErrorMsg in tbc is invalid.
Line 91: The property name CountRows in tbc is invalid.
Line 92: The property name DM_Size in tbc is invalid.
Line 93: The property name DM_Rectangular in tbc is invalid.
Line 94: The property name DM_Format in tbc is invalid.
Line 95: The property name DM_AppendIndex in tbc is invalid.
Line 96: The property name DM_AppendCount in tbc is invalid.
Line 97: The property name DM_AppendFileID in tbc is invalid.
Line 98: The property name PDF417_SegmentIndex in tbc is invalid.
Line 99: The property name PDF417_FileID in tbc is invalid.
Line 100: The property name PDF417_LastSegment in tbc is invalid.
Line 101: The property name PDF417_FileName in tbc is invalid.
Line 102: The property name PDF417_SegmentCount in tbc is invalid.
Line 103: The property name PDF417_TimeStamp in tbc is invalid.
Line 104: The property name PDF417_Sender in tbc is invalid.
Line 105: The property name PDF417_Addressee in tbc is invalid.
Line 106: The property name PDF417_FileSize in tbc is invalid.
Line 107: The property name PDF417_CheckSum in tbc is invalid.
Line 108: The property name PDF417_RatioRowCol in tbc is invalid.
Line 109: The property name MicroPDF_Mode in tbc is invalid.
Line 110: The property name MicroPDF_Version in tbc is invalid.
Line 111: The property name QR_Version in tbc is invalid.
Line 112: The property name QR_Format in tbc is invalid.
Line 113: The property name QR_FmtAppIndicator in tbc is invalid.
Line 114: The property name QR_ECLevel in tbc is invalid.
Line 115: The property name QR_Mask in tbc is invalid.
Line 116: The property name QR_AppendIndex in tbc is invalid.
Line 117: The property name QR_AppendCount in tbc is invalid.
Line 118: The property name QR_AppendParity in tbc is invalid.
Line 119: The property name QR_CompactKanji in tbc is invalid.
Line 120: The property name CBF_Rows in tbc is invalid.
Line 121: The property name CBF_Columns in tbc is invalid.
Line 122: The property name CBF_RowHeight in tbc is invalid.
Line 123: The property name CBF_RowSeparatorHeight in tbc is invalid.
Line 124: The property name CBF_Format in tbc is invalid.
Line 125: The property name InterpretInputAs in tbc is invalid.
Line 126: The property name OptResolution in tbc is invalid.
Line 127: The property name DisplayText in tbc is invalid.
Line 128: The property name BarWidthReduction in tbc is invalid.
Line 129: The property name Quality in tbc is invalid.
Line 130: The property name CompositeComponent in tbc is invalid.
Line 131: The property name RSS_SegmPerRow in tbc is invalid.
Line 132: The property name TrimSpaces in tbc is invalid.
Line 133: The property name BarSimmDefauls in tbc is invalid.
Line 134: The property name QuietZone in tbc is invalid.
